Searching for include files...
Searching for example files...
Searching for images...
Searching for dot files...
Searching for msc files...
Searching for files to exclude
Searching for files to process...
Searching for files in directory /scratch2/NAGAPE/aoml-hafs1/Kyle.Ahern/HAFS_tutorial/HAFS/sorc/hafs_forecast.fd/FV3/atmos_cubed_sphere/model
Searching for files in directory /scratch2/NAGAPE/aoml-hafs1/Kyle.Ahern/HAFS_tutorial/HAFS/sorc/hafs_forecast.fd/FV3/atmos_cubed_sphere/driver/fvGFS
Searching for files in directory /scratch2/NAGAPE/aoml-hafs1/Kyle.Ahern/HAFS_tutorial/HAFS/sorc/hafs_forecast.fd/FV3/atmos_cubed_sphere/tools
Reading and parsing tag files
Parsing files
Preprocessing /scratch2/NAGAPE/aoml-hafs1/Kyle.Ahern/HAFS_tutorial/HAFS/sorc/hafs_forecast.fd/FV3/atmos_cubed_sphere/model/a2b_edge.F90...
Parsing file /scratch2/NAGAPE/aoml-hafs1/Kyle.Ahern/HAFS_tutorial/HAFS/sorc/hafs_forecast.fd/FV3/atmos_cubed_sphere/model/a2b_edge.F90...
Preprocessing /scratch2/NAGAPE/aoml-hafs1/Kyle.Ahern/HAFS_tutorial/HAFS/sorc/hafs_forecast.fd/FV3/atmos_cubed_sphere/model/boundary.F90...
Parsing file /scratch2/NAGAPE/aoml-hafs1/Kyle.Ahern/HAFS_tutorial/HAFS/sorc/hafs_forecast.fd/FV3/atmos_cubed_sphere/model/boundary.F90...
Preprocessing /scratch2/NAGAPE/aoml-hafs1/Kyle.Ahern/HAFS_tutorial/HAFS/sorc/hafs_forecast.fd/FV3/atmos_cubed_sphere/model/dyn_core.F90...
Parsing file /scratch2/NAGAPE/aoml-hafs1/Kyle.Ahern/HAFS_tutorial/HAFS/sorc/hafs_forecast.fd/FV3/atmos_cubed_sphere/model/dyn_core.F90...
Preprocessing /scratch2/NAGAPE/aoml-hafs1/Kyle.Ahern/HAFS_tutorial/HAFS/sorc/hafs_forecast.fd/FV3/atmos_cubed_sphere/model/fv_arrays.F90...
Parsing file /scratch2/NAGAPE/aoml-hafs1/Kyle.Ahern/HAFS_tutorial/HAFS/sorc/hafs_forecast.fd/FV3/atmos_cubed_sphere/model/fv_arrays.F90...
Preprocessing /scratch2/NAGAPE/aoml-hafs1/Kyle.Ahern/HAFS_tutorial/HAFS/sorc/hafs_forecast.fd/FV3/atmos_cubed_sphere/model/fv_cmp.F90...
Parsing file /scratch2/NAGAPE/aoml-hafs1/Kyle.Ahern/HAFS_tutorial/HAFS/sorc/hafs_forecast.fd/FV3/atmos_cubed_sphere/model/fv_cmp.F90...
Preprocessing /scratch2/NAGAPE/aoml-hafs1/Kyle.Ahern/HAFS_tutorial/HAFS/sorc/hafs_forecast.fd/FV3/atmos_cubed_sphere/model/fv_control.F90...
Parsing file /scratch2/NAGAPE/aoml-hafs1/Kyle.Ahern/HAFS_tutorial/HAFS/sorc/hafs_forecast.fd/FV3/atmos_cubed_sphere/model/fv_control.F90...
Preprocessing /scratch2/NAGAPE/aoml-hafs1/Kyle.Ahern/HAFS_tutorial/HAFS/sorc/hafs_forecast.fd/FV3/atmos_cubed_sphere/model/fv_dynamics.F90...
Parsing file /scratch2/NAGAPE/aoml-hafs1/Kyle.Ahern/HAFS_tutorial/HAFS/sorc/hafs_forecast.fd/FV3/atmos_cubed_sphere/model/fv_dynamics.F90...
Preprocessing /scratch2/NAGAPE/aoml-hafs1/Kyle.Ahern/HAFS_tutorial/HAFS/sorc/hafs_forecast.fd/FV3/atmos_cubed_sphere/model/fv_fill.F90...
Parsing file /scratch2/NAGAPE/aoml-hafs1/Kyle.Ahern/HAFS_tutorial/HAFS/sorc/hafs_forecast.fd/FV3/atmos_cubed_sphere/model/fv_fill.F90...
Preprocessing /scratch2/NAGAPE/aoml-hafs1/Kyle.Ahern/HAFS_tutorial/HAFS/sorc/hafs_forecast.fd/FV3/atmos_cubed_sphere/model/fv_grid_utils.F90...
Parsing file /scratch2/NAGAPE/aoml-hafs1/Kyle.Ahern/HAFS_tutorial/HAFS/sorc/hafs_forecast.fd/FV3/atmos_cubed_sphere/model/fv_grid_utils.F90...
Preprocessing /scratch2/NAGAPE/aoml-hafs1/Kyle.Ahern/HAFS_tutorial/HAFS/sorc/hafs_forecast.fd/FV3/atmos_cubed_sphere/model/fv_mapz.F90...
Parsing file /scratch2/NAGAPE/aoml-hafs1/Kyle.Ahern/HAFS_tutorial/HAFS/sorc/hafs_forecast.fd/FV3/atmos_cubed_sphere/model/fv_mapz.F90...
Preprocessing /scratch2/NAGAPE/aoml-hafs1/Kyle.Ahern/HAFS_tutorial/HAFS/sorc/hafs_forecast.fd/FV3/atmos_cubed_sphere/model/fv_nesting.F90...
Parsing file /scratch2/NAGAPE/aoml-hafs1/Kyle.Ahern/HAFS_tutorial/HAFS/sorc/hafs_forecast.fd/FV3/atmos_cubed_sphere/model/fv_nesting.F90...
Preprocessing /scratch2/NAGAPE/aoml-hafs1/Kyle.Ahern/HAFS_tutorial/HAFS/sorc/hafs_forecast.fd/FV3/atmos_cubed_sphere/model/fv_regional_bc.F90...
Parsing file /scratch2/NAGAPE/aoml-hafs1/Kyle.Ahern/HAFS_tutorial/HAFS/sorc/hafs_forecast.fd/FV3/atmos_cubed_sphere/model/fv_regional_bc.F90...
Preprocessing /scratch2/NAGAPE/aoml-hafs1/Kyle.Ahern/HAFS_tutorial/HAFS/sorc/hafs_forecast.fd/FV3/atmos_cubed_sphere/model/fv_sg.F90...
Parsing file /scratch2/NAGAPE/aoml-hafs1/Kyle.Ahern/HAFS_tutorial/HAFS/sorc/hafs_forecast.fd/FV3/atmos_cubed_sphere/model/fv_sg.F90...
Preprocessing /scratch2/NAGAPE/aoml-hafs1/Kyle.Ahern/HAFS_tutorial/HAFS/sorc/hafs_forecast.fd/FV3/atmos_cubed_sphere/model/fv_tracer2d.F90...
Parsing file /scratch2/NAGAPE/aoml-hafs1/Kyle.Ahern/HAFS_tutorial/HAFS/sorc/hafs_forecast.fd/FV3/atmos_cubed_sphere/model/fv_tracer2d.F90...
Preprocessing /scratch2/NAGAPE/aoml-hafs1/Kyle.Ahern/HAFS_tutorial/HAFS/sorc/hafs_forecast.fd/FV3/atmos_cubed_sphere/model/fv_update_phys.F90...
Parsing file /scratch2/NAGAPE/aoml-hafs1/Kyle.Ahern/HAFS_tutorial/HAFS/sorc/hafs_forecast.fd/FV3/atmos_cubed_sphere/model/fv_update_phys.F90...
Preprocessing /scratch2/NAGAPE/aoml-hafs1/Kyle.Ahern/HAFS_tutorial/HAFS/sorc/hafs_forecast.fd/FV3/atmos_cubed_sphere/model/multi_gases.F90...
Parsing file /scratch2/NAGAPE/aoml-hafs1/Kyle.Ahern/HAFS_tutorial/HAFS/sorc/hafs_forecast.fd/FV3/atmos_cubed_sphere/model/multi_gases.F90...
Preprocessing /scratch2/NAGAPE/aoml-hafs1/Kyle.Ahern/HAFS_tutorial/HAFS/sorc/hafs_forecast.fd/FV3/atmos_cubed_sphere/model/nh_core.F90...
Parsing file /scratch2/NAGAPE/aoml-hafs1/Kyle.Ahern/HAFS_tutorial/HAFS/sorc/hafs_forecast.fd/FV3/atmos_cubed_sphere/model/nh_core.F90...
Preprocessing /scratch2/NAGAPE/aoml-hafs1/Kyle.Ahern/HAFS_tutorial/HAFS/sorc/hafs_forecast.fd/FV3/atmos_cubed_sphere/model/nh_utils.F90...
Parsing file /scratch2/NAGAPE/aoml-hafs1/Kyle.Ahern/HAFS_tutorial/HAFS/sorc/hafs_forecast.fd/FV3/atmos_cubed_sphere/model/nh_utils.F90...
Preprocessing /scratch2/NAGAPE/aoml-hafs1/Kyle.Ahern/HAFS_tutorial/HAFS/sorc/hafs_forecast.fd/FV3/atmos_cubed_sphere/model/sw_core.F90...
Parsing file /scratch2/NAGAPE/aoml-hafs1/Kyle.Ahern/HAFS_tutorial/HAFS/sorc/hafs_forecast.fd/FV3/atmos_cubed_sphere/model/sw_core.F90...
Preprocessing /scratch2/NAGAPE/aoml-hafs1/Kyle.Ahern/HAFS_tutorial/HAFS/sorc/hafs_forecast.fd/FV3/atmos_cubed_sphere/model/tp_core.F90...
Parsing file /scratch2/NAGAPE/aoml-hafs1/Kyle.Ahern/HAFS_tutorial/HAFS/sorc/hafs_forecast.fd/FV3/atmos_cubed_sphere/model/tp_core.F90...
Preprocessing /scratch2/NAGAPE/aoml-hafs1/Kyle.Ahern/HAFS_tutorial/HAFS/sorc/hafs_forecast.fd/FV3/atmos_cubed_sphere/driver/fvGFS/atmosphere.F90...
Parsing file /scratch2/NAGAPE/aoml-hafs1/Kyle.Ahern/HAFS_tutorial/HAFS/sorc/hafs_forecast.fd/FV3/atmos_cubed_sphere/driver/fvGFS/atmosphere.F90...
Preprocessing /scratch2/NAGAPE/aoml-hafs1/Kyle.Ahern/HAFS_tutorial/HAFS/sorc/hafs_forecast.fd/FV3/atmos_cubed_sphere/driver/fvGFS/DYCORE_typedefs.F90...
Parsing file /scratch2/NAGAPE/aoml-hafs1/Kyle.Ahern/HAFS_tutorial/HAFS/sorc/hafs_forecast.fd/FV3/atmos_cubed_sphere/driver/fvGFS/DYCORE_typedefs.F90...
Preprocessing /scratch2/NAGAPE/aoml-hafs1/Kyle.Ahern/HAFS_tutorial/HAFS/sorc/hafs_forecast.fd/FV3/atmos_cubed_sphere/driver/fvGFS/fv_nggps_diag.F90...
Parsing file /scratch2/NAGAPE/aoml-hafs1/Kyle.Ahern/HAFS_tutorial/HAFS/sorc/hafs_forecast.fd/FV3/atmos_cubed_sphere/driver/fvGFS/fv_nggps_diag.F90...
Preprocessing /scratch2/NAGAPE/aoml-hafs1/Kyle.Ahern/HAFS_tutorial/HAFS/sorc/hafs_forecast.fd/FV3/atmos_cubed_sphere/tools/external_ic.F90...
Parsing file /scratch2/NAGAPE/aoml-hafs1/Kyle.Ahern/HAFS_tutorial/HAFS/sorc/hafs_forecast.fd/FV3/atmos_cubed_sphere/tools/external_ic.F90...
Preprocessing /scratch2/NAGAPE/aoml-hafs1/Kyle.Ahern/HAFS_tutorial/HAFS/sorc/hafs_forecast.fd/FV3/atmos_cubed_sphere/tools/external_sst.F90...
Parsing file /scratch2/NAGAPE/aoml-hafs1/Kyle.Ahern/HAFS_tutorial/HAFS/sorc/hafs_forecast.fd/FV3/atmos_cubed_sphere/tools/external_sst.F90...
Preprocessing /scratch2/NAGAPE/aoml-hafs1/Kyle.Ahern/HAFS_tutorial/HAFS/sorc/hafs_forecast.fd/FV3/atmos_cubed_sphere/tools/fv_diagnostics.F90...
Parsing file /scratch2/NAGAPE/aoml-hafs1/Kyle.Ahern/HAFS_tutorial/HAFS/sorc/hafs_forecast.fd/FV3/atmos_cubed_sphere/tools/fv_diagnostics.F90...
Preprocessing /scratch2/NAGAPE/aoml-hafs1/Kyle.Ahern/HAFS_tutorial/HAFS/sorc/hafs_forecast.fd/FV3/atmos_cubed_sphere/tools/fv_eta.F90...
Parsing file /scratch2/NAGAPE/aoml-hafs1/Kyle.Ahern/HAFS_tutorial/HAFS/sorc/hafs_forecast.fd/FV3/atmos_cubed_sphere/tools/fv_eta.F90...
Preprocessing /scratch2/NAGAPE/aoml-hafs1/Kyle.Ahern/HAFS_tutorial/HAFS/sorc/hafs_forecast.fd/FV3/atmos_cubed_sphere/tools/fv_grid_tools.F90...
Parsing file /scratch2/NAGAPE/aoml-hafs1/Kyle.Ahern/HAFS_tutorial/HAFS/sorc/hafs_forecast.fd/FV3/atmos_cubed_sphere/tools/fv_grid_tools.F90...
Preprocessing /scratch2/NAGAPE/aoml-hafs1/Kyle.Ahern/HAFS_tutorial/HAFS/sorc/hafs_forecast.fd/FV3/atmos_cubed_sphere/tools/fv_iau_mod.F90...
Parsing file /scratch2/NAGAPE/aoml-hafs1/Kyle.Ahern/HAFS_tutorial/HAFS/sorc/hafs_forecast.fd/FV3/atmos_cubed_sphere/tools/fv_iau_mod.F90...
Preprocessing /scratch2/NAGAPE/aoml-hafs1/Kyle.Ahern/HAFS_tutorial/HAFS/sorc/hafs_forecast.fd/FV3/atmos_cubed_sphere/tools/fv_io.F90...
Parsing file /scratch2/NAGAPE/aoml-hafs1/Kyle.Ahern/HAFS_tutorial/HAFS/sorc/hafs_forecast.fd/FV3/atmos_cubed_sphere/tools/fv_io.F90...
Preprocessing /scratch2/NAGAPE/aoml-hafs1/Kyle.Ahern/HAFS_tutorial/HAFS/sorc/hafs_forecast.fd/FV3/atmos_cubed_sphere/tools/fv_mp_mod.F90...
Parsing file /scratch2/NAGAPE/aoml-hafs1/Kyle.Ahern/HAFS_tutorial/HAFS/sorc/hafs_forecast.fd/FV3/atmos_cubed_sphere/tools/fv_mp_mod.F90...
Preprocessing /scratch2/NAGAPE/aoml-hafs1/Kyle.Ahern/HAFS_tutorial/HAFS/sorc/hafs_forecast.fd/FV3/atmos_cubed_sphere/tools/fv_nudge.F90...
Parsing file /scratch2/NAGAPE/aoml-hafs1/Kyle.Ahern/HAFS_tutorial/HAFS/sorc/hafs_forecast.fd/FV3/atmos_cubed_sphere/tools/fv_nudge.F90...
Preprocessing /scratch2/NAGAPE/aoml-hafs1/Kyle.Ahern/HAFS_tutorial/HAFS/sorc/hafs_forecast.fd/FV3/atmos_cubed_sphere/tools/fv_restart.F90...
Parsing file /scratch2/NAGAPE/aoml-hafs1/Kyle.Ahern/HAFS_tutorial/HAFS/sorc/hafs_forecast.fd/FV3/atmos_cubed_sphere/tools/fv_restart.F90...
Preprocessing /scratch2/NAGAPE/aoml-hafs1/Kyle.Ahern/HAFS_tutorial/HAFS/sorc/hafs_forecast.fd/FV3/atmos_cubed_sphere/tools/fv_surf_map.F90...
Parsing file /scratch2/NAGAPE/aoml-hafs1/Kyle.Ahern/HAFS_tutorial/HAFS/sorc/hafs_forecast.fd/FV3/atmos_cubed_sphere/tools/fv_surf_map.F90...
Preprocessing /scratch2/NAGAPE/aoml-hafs1/Kyle.Ahern/HAFS_tutorial/HAFS/sorc/hafs_forecast.fd/FV3/atmos_cubed_sphere/tools/fv_timing.F90...
Prepassing fixed form of /scratch2/NAGAPE/aoml-hafs1/Kyle.Ahern/HAFS_tutorial/HAFS/sorc/hafs_forecast.fd/FV3/atmos_cubed_sphere/tools/fv_timing.F90
Parsing file /scratch2/NAGAPE/aoml-hafs1/Kyle.Ahern/HAFS_tutorial/HAFS/sorc/hafs_forecast.fd/FV3/atmos_cubed_sphere/tools/fv_timing.F90...
Preprocessing /scratch2/NAGAPE/aoml-hafs1/Kyle.Ahern/HAFS_tutorial/HAFS/sorc/hafs_forecast.fd/FV3/atmos_cubed_sphere/tools/fv_treat_da_inc.F90...
Parsing file /scratch2/NAGAPE/aoml-hafs1/Kyle.Ahern/HAFS_tutorial/HAFS/sorc/hafs_forecast.fd/FV3/atmos_cubed_sphere/tools/fv_treat_da_inc.F90...
Preprocessing /scratch2/NAGAPE/aoml-hafs1/Kyle.Ahern/HAFS_tutorial/HAFS/sorc/hafs_forecast.fd/FV3/atmos_cubed_sphere/tools/init_hydro.F90...
Parsing file /scratch2/NAGAPE/aoml-hafs1/Kyle.Ahern/HAFS_tutorial/HAFS/sorc/hafs_forecast.fd/FV3/atmos_cubed_sphere/tools/init_hydro.F90...
Preprocessing /scratch2/NAGAPE/aoml-hafs1/Kyle.Ahern/HAFS_tutorial/HAFS/sorc/hafs_forecast.fd/FV3/atmos_cubed_sphere/tools/sim_nc_mod.F90...
Parsing file /scratch2/NAGAPE/aoml-hafs1/Kyle.Ahern/HAFS_tutorial/HAFS/sorc/hafs_forecast.fd/FV3/atmos_cubed_sphere/tools/sim_nc_mod.F90...
Preprocessing /scratch2/NAGAPE/aoml-hafs1/Kyle.Ahern/HAFS_tutorial/HAFS/sorc/hafs_forecast.fd/FV3/atmos_cubed_sphere/tools/sorted_index.F90...
Parsing file /scratch2/NAGAPE/aoml-hafs1/Kyle.Ahern/HAFS_tutorial/HAFS/sorc/hafs_forecast.fd/FV3/atmos_cubed_sphere/tools/sorted_index.F90...
Preprocessing /scratch2/NAGAPE/aoml-hafs1/Kyle.Ahern/HAFS_tutorial/HAFS/sorc/hafs_forecast.fd/FV3/atmos_cubed_sphere/tools/test_cases.F90...
Parsing file /scratch2/NAGAPE/aoml-hafs1/Kyle.Ahern/HAFS_tutorial/HAFS/sorc/hafs_forecast.fd/FV3/atmos_cubed_sphere/tools/test_cases.F90...
Building group list...
Building directory list...
Building namespace list...
Building file list...
Building class list...
Associating documentation with classes...
Computing nesting relations for classes...
Building example list...
Searching for enumerations...
Searching for documented typedefs...
Searching for members imported via using declarations...
Searching for included using directives...
Searching for documented variables...
Building interface member list...
Building member list...
Searching for friends...
Searching for documented defines...
Computing class inheritance relations...
Computing class usage relations...
Flushing cached template relations that have become invalid...
Creating members for template instances...
Computing class relations...
Add enum values to enums...
Searching for member function documentation...
Building page list...
Search for main page...
Computing page relations...
Determining the scope of groups...
Sorting lists...
Freeing entry tree
Determining which enums are documented
Computing member relations...
Building full member lists recursively...
Adding members to member groups.
Distributing member group documentation.
Computing member references...
Inheriting documentation...
Generating disk names...
Adding source references...
Adding xrefitems...
Sorting member lists...
Computing dependencies between directories...
Generating citations page...
Counting data structures...
Resolving user defined references...
Finding anchors and sections in the documentation...
Transferring function references...
Combining using relations...
Adding members to index pages...
Generating style sheet...
Generating search indices...
Generating example documentation...
Generating file sources...
Generating code for file /scratch2/NAGAPE/aoml-hafs1/Kyle.Ahern/HAFS_tutorial/HAFS/sorc/hafs_forecast.fd/FV3/atmos_cubed_sphere/driver/fvGFS/atmosphere.F90...
Generating code for file /scratch2/NAGAPE/aoml-hafs1/Kyle.Ahern/HAFS_tutorial/HAFS/sorc/hafs_forecast.fd/FV3/atmos_cubed_sphere/driver/fvGFS/DYCORE_typedefs.F90...
Generating code for file /scratch2/NAGAPE/aoml-hafs1/Kyle.Ahern/HAFS_tutorial/HAFS/sorc/hafs_forecast.fd/FV3/atmos_cubed_sphere/driver/fvGFS/fv_nggps_diag.F90...
Generating code for file /scratch2/NAGAPE/aoml-hafs1/Kyle.Ahern/HAFS_tutorial/HAFS/sorc/hafs_forecast.fd/FV3/atmos_cubed_sphere/model/a2b_edge.F90...
Generating code for file /scratch2/NAGAPE/aoml-hafs1/Kyle.Ahern/HAFS_tutorial/HAFS/sorc/hafs_forecast.fd/FV3/atmos_cubed_sphere/model/boundary.F90...
Generating code for file /scratch2/NAGAPE/aoml-hafs1/Kyle.Ahern/HAFS_tutorial/HAFS/sorc/hafs_forecast.fd/FV3/atmos_cubed_sphere/model/dyn_core.F90...
Generating code for file /scratch2/NAGAPE/aoml-hafs1/Kyle.Ahern/HAFS_tutorial/HAFS/sorc/hafs_forecast.fd/FV3/atmos_cubed_sphere/model/fv_arrays.F90...
Generating code for file /scratch2/NAGAPE/aoml-hafs1/Kyle.Ahern/HAFS_tutorial/HAFS/sorc/hafs_forecast.fd/FV3/atmos_cubed_sphere/model/fv_cmp.F90...
Generating code for file /scratch2/NAGAPE/aoml-hafs1/Kyle.Ahern/HAFS_tutorial/HAFS/sorc/hafs_forecast.fd/FV3/atmos_cubed_sphere/model/fv_control.F90...
Generating code for file /scratch2/NAGAPE/aoml-hafs1/Kyle.Ahern/HAFS_tutorial/HAFS/sorc/hafs_forecast.fd/FV3/atmos_cubed_sphere/model/fv_dynamics.F90...
Generating code for file /scratch2/NAGAPE/aoml-hafs1/Kyle.Ahern/HAFS_tutorial/HAFS/sorc/hafs_forecast.fd/FV3/atmos_cubed_sphere/model/fv_fill.F90...
Generating code for file /scratch2/NAGAPE/aoml-hafs1/Kyle.Ahern/HAFS_tutorial/HAFS/sorc/hafs_forecast.fd/FV3/atmos_cubed_sphere/model/fv_grid_utils.F90...
Generating code for file /scratch2/NAGAPE/aoml-hafs1/Kyle.Ahern/HAFS_tutorial/HAFS/sorc/hafs_forecast.fd/FV3/atmos_cubed_sphere/model/fv_mapz.F90...
Generating code for file /scratch2/NAGAPE/aoml-hafs1/Kyle.Ahern/HAFS_tutorial/HAFS/sorc/hafs_forecast.fd/FV3/atmos_cubed_sphere/model/fv_nesting.F90...
Generating code for file /scratch2/NAGAPE/aoml-hafs1/Kyle.Ahern/HAFS_tutorial/HAFS/sorc/hafs_forecast.fd/FV3/atmos_cubed_sphere/model/fv_regional_bc.F90...
Generating code for file /scratch2/NAGAPE/aoml-hafs1/Kyle.Ahern/HAFS_tutorial/HAFS/sorc/hafs_forecast.fd/FV3/atmos_cubed_sphere/model/fv_sg.F90...
Generating code for file /scratch2/NAGAPE/aoml-hafs1/Kyle.Ahern/HAFS_tutorial/HAFS/sorc/hafs_forecast.fd/FV3/atmos_cubed_sphere/model/fv_tracer2d.F90...
Generating code for file /scratch2/NAGAPE/aoml-hafs1/Kyle.Ahern/HAFS_tutorial/HAFS/sorc/hafs_forecast.fd/FV3/atmos_cubed_sphere/model/fv_update_phys.F90...
Generating code for file /scratch2/NAGAPE/aoml-hafs1/Kyle.Ahern/HAFS_tutorial/HAFS/sorc/hafs_forecast.fd/FV3/atmos_cubed_sphere/model/multi_gases.F90...
Generating code for file /scratch2/NAGAPE/aoml-hafs1/Kyle.Ahern/HAFS_tutorial/HAFS/sorc/hafs_forecast.fd/FV3/atmos_cubed_sphere/model/nh_core.F90...
Generating code for file /scratch2/NAGAPE/aoml-hafs1/Kyle.Ahern/HAFS_tutorial/HAFS/sorc/hafs_forecast.fd/FV3/atmos_cubed_sphere/model/nh_utils.F90...
Generating code for file /scratch2/NAGAPE/aoml-hafs1/Kyle.Ahern/HAFS_tutorial/HAFS/sorc/hafs_forecast.fd/FV3/atmos_cubed_sphere/model/sw_core.F90...
Generating code for file /scratch2/NAGAPE/aoml-hafs1/Kyle.Ahern/HAFS_tutorial/HAFS/sorc/hafs_forecast.fd/FV3/atmos_cubed_sphere/model/tp_core.F90...
Generating code for file /scratch2/NAGAPE/aoml-hafs1/Kyle.Ahern/HAFS_tutorial/HAFS/sorc/hafs_forecast.fd/FV3/atmos_cubed_sphere/tools/external_ic.F90...
Generating code for file /scratch2/NAGAPE/aoml-hafs1/Kyle.Ahern/HAFS_tutorial/HAFS/sorc/hafs_forecast.fd/FV3/atmos_cubed_sphere/tools/external_sst.F90...
Generating code for file /scratch2/NAGAPE/aoml-hafs1/Kyle.Ahern/HAFS_tutorial/HAFS/sorc/hafs_forecast.fd/FV3/atmos_cubed_sphere/tools/fv_diagnostics.F90...
Generating code for file /scratch2/NAGAPE/aoml-hafs1/Kyle.Ahern/HAFS_tutorial/HAFS/sorc/hafs_forecast.fd/FV3/atmos_cubed_sphere/tools/fv_eta.F90...
Generating code for file /scratch2/NAGAPE/aoml-hafs1/Kyle.Ahern/HAFS_tutorial/HAFS/sorc/hafs_forecast.fd/FV3/atmos_cubed_sphere/tools/fv_grid_tools.F90...
Generating code for file /scratch2/NAGAPE/aoml-hafs1/Kyle.Ahern/HAFS_tutorial/HAFS/sorc/hafs_forecast.fd/FV3/atmos_cubed_sphere/tools/fv_iau_mod.F90...
Generating code for file /scratch2/NAGAPE/aoml-hafs1/Kyle.Ahern/HAFS_tutorial/HAFS/sorc/hafs_forecast.fd/FV3/atmos_cubed_sphere/tools/fv_io.F90...
Generating code for file /scratch2/NAGAPE/aoml-hafs1/Kyle.Ahern/HAFS_tutorial/HAFS/sorc/hafs_forecast.fd/FV3/atmos_cubed_sphere/tools/fv_mp_mod.F90...
Generating code for file /scratch2/NAGAPE/aoml-hafs1/Kyle.Ahern/HAFS_tutorial/HAFS/sorc/hafs_forecast.fd/FV3/atmos_cubed_sphere/tools/fv_nudge.F90...
Generating code for file /scratch2/NAGAPE/aoml-hafs1/Kyle.Ahern/HAFS_tutorial/HAFS/sorc/hafs_forecast.fd/FV3/atmos_cubed_sphere/tools/fv_restart.F90...
Generating code for file /scratch2/NAGAPE/aoml-hafs1/Kyle.Ahern/HAFS_tutorial/HAFS/sorc/hafs_forecast.fd/FV3/atmos_cubed_sphere/tools/fv_surf_map.F90...
Generating code for file /scratch2/NAGAPE/aoml-hafs1/Kyle.Ahern/HAFS_tutorial/HAFS/sorc/hafs_forecast.fd/FV3/atmos_cubed_sphere/tools/fv_timing.F90...
Generating code for file /scratch2/NAGAPE/aoml-hafs1/Kyle.Ahern/HAFS_tutorial/HAFS/sorc/hafs_forecast.fd/FV3/atmos_cubed_sphere/tools/fv_treat_da_inc.F90...
Generating code for file /scratch2/NAGAPE/aoml-hafs1/Kyle.Ahern/HAFS_tutorial/HAFS/sorc/hafs_forecast.fd/FV3/atmos_cubed_sphere/tools/init_hydro.F90...
Generating code for file /scratch2/NAGAPE/aoml-hafs1/Kyle.Ahern/HAFS_tutorial/HAFS/sorc/hafs_forecast.fd/FV3/atmos_cubed_sphere/tools/sim_nc_mod.F90...
Generating code for file /scratch2/NAGAPE/aoml-hafs1/Kyle.Ahern/HAFS_tutorial/HAFS/sorc/hafs_forecast.fd/FV3/atmos_cubed_sphere/tools/sorted_index.F90...
Generating code for file /scratch2/NAGAPE/aoml-hafs1/Kyle.Ahern/HAFS_tutorial/HAFS/sorc/hafs_forecast.fd/FV3/atmos_cubed_sphere/tools/test_cases.F90...
Generating file documentation...
Generating docs for file /scratch2/NAGAPE/aoml-hafs1/Kyle.Ahern/HAFS_tutorial/HAFS/sorc/hafs_forecast.fd/FV3/atmos_cubed_sphere/driver/fvGFS/atmosphere.F90...
Generating docs for file /scratch2/NAGAPE/aoml-hafs1/Kyle.Ahern/HAFS_tutorial/HAFS/sorc/hafs_forecast.fd/FV3/atmos_cubed_sphere/driver/fvGFS/DYCORE_typedefs.F90...
Generating docs for file /scratch2/NAGAPE/aoml-hafs1/Kyle.Ahern/HAFS_tutorial/HAFS/sorc/hafs_forecast.fd/FV3/atmos_cubed_sphere/driver/fvGFS/fv_nggps_diag.F90...
Generating docs for file /scratch2/NAGAPE/aoml-hafs1/Kyle.Ahern/HAFS_tutorial/HAFS/sorc/hafs_forecast.fd/FV3/atmos_cubed_sphere/model/a2b_edge.F90...
Generating docs for file /scratch2/NAGAPE/aoml-hafs1/Kyle.Ahern/HAFS_tutorial/HAFS/sorc/hafs_forecast.fd/FV3/atmos_cubed_sphere/model/boundary.F90...
Generating docs for file /scratch2/NAGAPE/aoml-hafs1/Kyle.Ahern/HAFS_tutorial/HAFS/sorc/hafs_forecast.fd/FV3/atmos_cubed_sphere/model/dyn_core.F90...
Generating docs for file /scratch2/NAGAPE/aoml-hafs1/Kyle.Ahern/HAFS_tutorial/HAFS/sorc/hafs_forecast.fd/FV3/atmos_cubed_sphere/model/fv_arrays.F90...
Generating docs for file /scratch2/NAGAPE/aoml-hafs1/Kyle.Ahern/HAFS_tutorial/HAFS/sorc/hafs_forecast.fd/FV3/atmos_cubed_sphere/model/fv_cmp.F90...
Generating docs for file /scratch2/NAGAPE/aoml-hafs1/Kyle.Ahern/HAFS_tutorial/HAFS/sorc/hafs_forecast.fd/FV3/atmos_cubed_sphere/model/fv_control.F90...
Generating docs for file /scratch2/NAGAPE/aoml-hafs1/Kyle.Ahern/HAFS_tutorial/HAFS/sorc/hafs_forecast.fd/FV3/atmos_cubed_sphere/model/fv_dynamics.F90...
Generating docs for file /scratch2/NAGAPE/aoml-hafs1/Kyle.Ahern/HAFS_tutorial/HAFS/sorc/hafs_forecast.fd/FV3/atmos_cubed_sphere/model/fv_fill.F90...
Generating docs for file /scratch2/NAGAPE/aoml-hafs1/Kyle.Ahern/HAFS_tutorial/HAFS/sorc/hafs_forecast.fd/FV3/atmos_cubed_sphere/model/fv_grid_utils.F90...
Generating docs for file /scratch2/NAGAPE/aoml-hafs1/Kyle.Ahern/HAFS_tutorial/HAFS/sorc/hafs_forecast.fd/FV3/atmos_cubed_sphere/model/fv_mapz.F90...
Generating docs for file /scratch2/NAGAPE/aoml-hafs1/Kyle.Ahern/HAFS_tutorial/HAFS/sorc/hafs_forecast.fd/FV3/atmos_cubed_sphere/model/fv_nesting.F90...
Generating docs for file /scratch2/NAGAPE/aoml-hafs1/Kyle.Ahern/HAFS_tutorial/HAFS/sorc/hafs_forecast.fd/FV3/atmos_cubed_sphere/model/fv_regional_bc.F90...
Generating docs for file /scratch2/NAGAPE/aoml-hafs1/Kyle.Ahern/HAFS_tutorial/HAFS/sorc/hafs_forecast.fd/FV3/atmos_cubed_sphere/model/fv_sg.F90...
Generating docs for file /scratch2/NAGAPE/aoml-hafs1/Kyle.Ahern/HAFS_tutorial/HAFS/sorc/hafs_forecast.fd/FV3/atmos_cubed_sphere/model/fv_tracer2d.F90...
Generating docs for file /scratch2/NAGAPE/aoml-hafs1/Kyle.Ahern/HAFS_tutorial/HAFS/sorc/hafs_forecast.fd/FV3/atmos_cubed_sphere/model/fv_update_phys.F90...
Generating docs for file /scratch2/NAGAPE/aoml-hafs1/Kyle.Ahern/HAFS_tutorial/HAFS/sorc/hafs_forecast.fd/FV3/atmos_cubed_sphere/model/multi_gases.F90...
Generating docs for file /scratch2/NAGAPE/aoml-hafs1/Kyle.Ahern/HAFS_tutorial/HAFS/sorc/hafs_forecast.fd/FV3/atmos_cubed_sphere/model/nh_core.F90...
Generating docs for file /scratch2/NAGAPE/aoml-hafs1/Kyle.Ahern/HAFS_tutorial/HAFS/sorc/hafs_forecast.fd/FV3/atmos_cubed_sphere/model/nh_utils.F90...
Generating docs for file /scratch2/NAGAPE/aoml-hafs1/Kyle.Ahern/HAFS_tutorial/HAFS/sorc/hafs_forecast.fd/FV3/atmos_cubed_sphere/model/sw_core.F90...
Generating docs for file /scratch2/NAGAPE/aoml-hafs1/Kyle.Ahern/HAFS_tutorial/HAFS/sorc/hafs_forecast.fd/FV3/atmos_cubed_sphere/model/tp_core.F90...
Generating docs for file /scratch2/NAGAPE/aoml-hafs1/Kyle.Ahern/HAFS_tutorial/HAFS/sorc/hafs_forecast.fd/FV3/atmos_cubed_sphere/tools/external_ic.F90...
Generating docs for file /scratch2/NAGAPE/aoml-hafs1/Kyle.Ahern/HAFS_tutorial/HAFS/sorc/hafs_forecast.fd/FV3/atmos_cubed_sphere/tools/external_sst.F90...
Generating docs for file /scratch2/NAGAPE/aoml-hafs1/Kyle.Ahern/HAFS_tutorial/HAFS/sorc/hafs_forecast.fd/FV3/atmos_cubed_sphere/tools/fv_diagnostics.F90...
Generating docs for file /scratch2/NAGAPE/aoml-hafs1/Kyle.Ahern/HAFS_tutorial/HAFS/sorc/hafs_forecast.fd/FV3/atmos_cubed_sphere/tools/fv_eta.F90...
Generating docs for file /scratch2/NAGAPE/aoml-hafs1/Kyle.Ahern/HAFS_tutorial/HAFS/sorc/hafs_forecast.fd/FV3/atmos_cubed_sphere/tools/fv_grid_tools.F90...
Generating docs for file /scratch2/NAGAPE/aoml-hafs1/Kyle.Ahern/HAFS_tutorial/HAFS/sorc/hafs_forecast.fd/FV3/atmos_cubed_sphere/tools/fv_iau_mod.F90...
Generating docs for file /scratch2/NAGAPE/aoml-hafs1/Kyle.Ahern/HAFS_tutorial/HAFS/sorc/hafs_forecast.fd/FV3/atmos_cubed_sphere/tools/fv_io.F90...
Generating docs for file /scratch2/NAGAPE/aoml-hafs1/Kyle.Ahern/HAFS_tutorial/HAFS/sorc/hafs_forecast.fd/FV3/atmos_cubed_sphere/tools/fv_mp_mod.F90...
Generating docs for file /scratch2/NAGAPE/aoml-hafs1/Kyle.Ahern/HAFS_tutorial/HAFS/sorc/hafs_forecast.fd/FV3/atmos_cubed_sphere/tools/fv_nudge.F90...
Generating docs for file /scratch2/NAGAPE/aoml-hafs1/Kyle.Ahern/HAFS_tutorial/HAFS/sorc/hafs_forecast.fd/FV3/atmos_cubed_sphere/tools/fv_restart.F90...
Generating docs for file /scratch2/NAGAPE/aoml-hafs1/Kyle.Ahern/HAFS_tutorial/HAFS/sorc/hafs_forecast.fd/FV3/atmos_cubed_sphere/tools/fv_surf_map.F90...
Generating docs for file /scratch2/NAGAPE/aoml-hafs1/Kyle.Ahern/HAFS_tutorial/HAFS/sorc/hafs_forecast.fd/FV3/atmos_cubed_sphere/tools/fv_timing.F90...
Generating docs for file /scratch2/NAGAPE/aoml-hafs1/Kyle.Ahern/HAFS_tutorial/HAFS/sorc/hafs_forecast.fd/FV3/atmos_cubed_sphere/tools/fv_treat_da_inc.F90...
Generating docs for file /scratch2/NAGAPE/aoml-hafs1/Kyle.Ahern/HAFS_tutorial/HAFS/sorc/hafs_forecast.fd/FV3/atmos_cubed_sphere/tools/init_hydro.F90...
Generating docs for file /scratch2/NAGAPE/aoml-hafs1/Kyle.Ahern/HAFS_tutorial/HAFS/sorc/hafs_forecast.fd/FV3/atmos_cubed_sphere/tools/sim_nc_mod.F90...
Generating docs for file /scratch2/NAGAPE/aoml-hafs1/Kyle.Ahern/HAFS_tutorial/HAFS/sorc/hafs_forecast.fd/FV3/atmos_cubed_sphere/tools/sorted_index.F90...
Generating docs for file /scratch2/NAGAPE/aoml-hafs1/Kyle.Ahern/HAFS_tutorial/HAFS/sorc/hafs_forecast.fd/FV3/atmos_cubed_sphere/tools/test_cases.F90...
Generating page documentation...
Generating docs for page citelist...
Generating group documentation...
Generating class documentation...
Generating docs for compound a2b_edge_mod...
Generating docs for compound atmosphere_mod...
Generating docs for compound boundary_mod...
Generating docs for nested compound boundary_mod::fill_nested_grid...
Generating docs for nested compound boundary_mod::nested_grid_bc...
Generating docs for nested compound boundary_mod::update_coarse_grid...
Generating docs for compound dycore_typedefs...
Generating docs for nested compound dycore_typedefs::dycore_coupling_type...
Generating docs for nested compound dycore_typedefs::dycore_data_type...
Generating docs for nested compound dycore_typedefs::dycore_diag_type...
Generating docs for nested compound dycore_typedefs::var_subtype...
Generating docs for compound dyn_core_mod...
Generating docs for compound external_ic_mod...
Generating docs for compound external_sst_mod...
Generating docs for compound fv_arrays_mod...
Generating docs for nested compound fv_arrays_mod::allocate_fv_nest_bc_type...
Generating docs for nested compound fv_arrays_mod::deallocate_fv_nest_bc_type...
Generating docs for nested compound fv_arrays_mod::fv_atmos_type...
Generating docs for nested compound fv_arrays_mod::fv_diag_type...
Generating docs for nested compound fv_arrays_mod::fv_flags_type...
Generating docs for nested compound fv_arrays_mod::fv_grid_bounds_type...
Generating docs for nested compound fv_arrays_mod::fv_grid_type...
Generating docs for nested compound fv_arrays_mod::fv_nest_bc_type_3d...
Generating docs for nested compound fv_arrays_mod::fv_nest_bc_type_4d...
Generating docs for nested compound fv_arrays_mod::fv_nest_type...
Generating docs for nested compound fv_arrays_mod::fv_regional_bc_bounds_type...
Generating docs for compound fv_cmp_mod...
Generating docs for compound fv_control_mod...
Generating docs for compound fv_diagnostics_mod...
Generating docs for compound fv_dynamics_mod...
Generating docs for compound fv_eta_mod...
Generating docs for compound fv_fill_mod...
Generating docs for compound fv_grid_tools_mod...
Generating docs for compound fv_grid_utils_mod...
Generating docs for nested compound fv_grid_utils_mod::fill_ghost...
Generating docs for compound fv_iau_mod...
Generating docs for nested compound fv_iau_mod::iau_external_data_type...
Generating docs for nested compound fv_iau_mod::iau_internal_data_type...
Generating docs for nested compound fv_iau_mod::iau_state_type...
Generating docs for compound fv_io_mod...
Generating docs for compound fv_mapz_mod...
Generating docs for compound fv_mp_mod...
Generating docs for compound fv_nesting_mod...
Generating docs for compound fv_nggps_diags_mod...
Generating docs for compound fv_nwp_nudge_mod...
Generating docs for compound fv_regional_mod...
Generating docs for nested compound fv_regional_mod::dump_field...
Generating docs for nested compound fv_regional_mod::fv_domain_sides...
Generating docs for nested compound fv_regional_mod::fv_regional_bc_variables...
Generating docs for compound fv_restart_mod...
Generating docs for compound fv_sg_mod...
Generating docs for compound fv_surf_map_mod...
Generating docs for compound fv_timing_mod...
Generating docs for nested compound fv_timing_mod::tms...
Generating docs for compound fv_tracer2d_mod...
Generating docs for compound fv_treat_da_inc_mod...
Generating docs for compound fv_update_phys_mod...
Generating docs for compound init_hydro_mod...
Generating docs for compound multi_gases_mod...
Generating docs for compound nh_core_mod...
Generating docs for compound nh_utils_mod...
Generating docs for compound sim_nc_mod...
Generating docs for compound sorted_index_mod...
Generating docs for compound sw_core_mod...
Generating docs for compound test_cases_mod...
Generating docs for nested compound test_cases_mod::mp_update_dwinds...
Generating docs for compound tp_core_mod...
Generating namespace index...
Generating graph info page...
Generating directory documentation...
Generating dependency graph for directory /scratch2/NAGAPE/aoml-hafs1/Kyle.Ahern/HAFS_tutorial/HAFS/sorc/hafs_forecast.fd/FV3/atmos_cubed_sphere/driver
Generating dependency graph for directory /scratch2/NAGAPE/aoml-hafs1/Kyle.Ahern/HAFS_tutorial/HAFS/sorc/hafs_forecast.fd/FV3/atmos_cubed_sphere/driver/fvGFS
Generating dependency graph for directory /scratch2/NAGAPE/aoml-hafs1/Kyle.Ahern/HAFS_tutorial/HAFS/sorc/hafs_forecast.fd/FV3/atmos_cubed_sphere/model
Generating dependency graph for directory /scratch2/NAGAPE/aoml-hafs1/Kyle.Ahern/HAFS_tutorial/HAFS/sorc/hafs_forecast.fd/FV3/atmos_cubed_sphere/tools
Generating index page...
Generating page index...
Generating module index...
Generating namespace index...
Generating namespace member index...
Generating annotated compound index...
Generating alphabetical compound index...
Generating hierarchical class index...
Generating member index...
Generating file index...
Generating file member index...
Generating example index...
finalizing index lists...
Running dot...
Patching output file 1/1
lookup cache used 3857/65536 hits=36312 misses=4095
finished...
